<?xml version="1.0" encoding="UTF-8"?>
<!-- Generated by org.testng.reporters.JUnitXMLReporter -->
<testsuite ignored="0" hostname="FLD-5CD146N29R" failures="0" tests="3" name="Default test" time="126.511" errors="0" timestamp="2025-12-01T12:17:06 IST">
  <testcase classname="appWidgetPackage.AddWidgteTest" name="addWidgetTest" time="17.238"/>
  <testcase classname="appWidgetPackage.AddWidgteTest" name="clickOnInhalerWidgetTest" time="86.661"/>
  <testcase classname="appWidgetPackage.RedirectionOfAppWidgetTest" name="redirectionWidgetTest" time="14.799"/>
</testsuite> <!-- Default test -->
