<?xml version="1.0" encoding="UTF-8"?>
<!-- Generated by org.testng.reporters.JUnitXMLReporter -->
<testsuite ignored="5" hostname="FLD-5CD146N29R" failures="0" tests="1" name="Default test" time="145.758" errors="0" timestamp="2025-12-01T16:37:01 IST">
  <testcase classname="appWidgetPackage.RedirectionOfAppWidgetTest" name="redirectionWidget_OtherAndInhalerTest" time="138.041"/>
  <testcase classname="appWidgetPackage.RedirectionOfAppWidgetTest" name="redirectionWidget_ILDAndInhalerTest" time="0.0">
    <ignored/>
  </testcase> <!-- redirectionWidget_ILDAndInhalerTest -->
  <testcase classname="appWidgetPackage.RedirectionOfAppWidgetTest" name="redirectionWidget_ARAndInhalerTest" time="0.0">
    <ignored/>
  </testcase> <!-- redirectionWidget_ARAndInhalerTest -->
  <testcase classname="appWidgetPackage.RedirectionOfAppWidgetTest" name="redirectionWidget_COPDAndInhalerTest" time="0.0">
    <ignored/>
  </testcase> <!-- redirectionWidget_COPDAndInhalerTest -->
  <testcase classname="appWidgetPackage.AddWidgteTest" name="addWidgetTest" time="0.0">
    <ignored/>
  </testcase> <!-- addWidgetTest -->
  <testcase classname="appWidgetPackage.RedirectionOfAppWidgetTest" name="redirectionWidget_AsthmaAndInhalerTest" time="0.0">
    <ignored/>
  </testcase> <!-- redirectionWidget_AsthmaAndInhalerTest -->
</testsuite> <!-- Default test -->
