<?xml version="1.0" encoding="UTF-8"?>
<testng-results ignored="0" total="3" passed="3" failed="0" skipped="0">
  <reporter-output>
  </reporter-output>
  <suite started-at="2025-12-01T12:14:59 IST" name="Default suite" finished-at="2025-12-01T12:17:06 IST" duration-ms="126511">
    <groups>
    </groups>
    <test started-at="2025-12-01T12:14:59 IST" name="Default test" finished-at="2025-12-01T12:17:06 IST" duration-ms="126511">
      <class name="appWidgetPackage.RedirectionOfAppWidgetTest">
        <test-method is-config="true" signature="startApp()[pri:0, instance:appWidgetPackage.RedirectionOfAppWidgetTest@7c9d8e2]" started-at="2025-12-01T12:14:59 IST" name="startApp" finished-at="2025-12-01T12:15:07 IST" duration-ms="7763" status="PASS">
          <reporter-output>
          </reporter-output>
        </test-method> <!-- startApp -->
        <test-method signature="addWidgetTest()[pri:0, instance:appWidgetPackage.RedirectionOfAppWidgetTest@7c9d8e2]" started-at="2025-12-01T12:15:07 IST" name="addWidgetTest" finished-at="2025-12-01T12:15:24 IST" duration-ms="17238" status="PASS">
          <reporter-output>
          </reporter-output>
        </test-method> <!-- addWidgetTest -->
        <test-method signature="clickOnInhalerWidgetTest()[pri:0, instance:appWidgetPackage.RedirectionOfAppWidgetTest@7c9d8e2]" started-at="2025-12-01T12:15:24 IST" name="clickOnInhalerWidgetTest" finished-at="2025-12-01T12:16:51 IST" duration-ms="86661" status="PASS">
          <reporter-output>
          </reporter-output>
        </test-method> <!-- clickOnInhalerWidgetTest -->
        <test-method signature="redirectionWidgetTest()[pri:0, instance:appWidgetPackage.RedirectionOfAppWidgetTest@7c9d8e2]" started-at="2025-12-01T12:16:51 IST" name="redirectionWidgetTest" finished-at="2025-12-01T12:17:06 IST" duration-ms="14799" status="PASS">
          <reporter-output>
          </reporter-output>
        </test-method> <!-- redirectionWidgetTest -->
        <test-method is-config="true" signature="closeApp()[pri:0, instance:appWidgetPackage.RedirectionOfAppWidgetTest@7c9d8e2]" started-at="2025-12-01T12:17:06 IST" name="closeApp" finished-at="2025-12-01T12:17:06 IST" duration-ms="0" status="PASS">
          <reporter-output>
          </reporter-output>
        </test-method> <!-- closeApp -->
      </class> <!-- appWidgetPackage.RedirectionOfAppWidgetTest -->
    </test> <!-- Default test -->
  </suite> <!-- Default suite -->
</testng-results>
