<?xml version="1.0" encoding="UTF-8"?>
<testng-results ignored="0" total="1" passed="1" failed="0" skipped="0">
  <reporter-output>
  </reporter-output>
  <suite started-at="2025-08-29T14:12:24 IST" name="Default suite" finished-at="2025-08-29T14:13:02 IST" duration-ms="37259">
    <groups>
    </groups>
    <test started-at="2025-08-29T14:12:24 IST" name="Default test" finished-at="2025-08-29T14:13:02 IST" duration-ms="37259">
      <class name="practicePackage.ProfileUpdateTest">
        <test-method is-config="true" signature="startApp()[pri:0, instance:practicePackage.ProfileUpdateTest@37ceb1df]" started-at="2025-08-29T14:12:24 IST" name="startApp" finished-at="2025-08-29T14:12:30 IST" duration-ms="6024" status="PASS">
          <reporter-output>
          </reporter-output>
        </test-method> <!-- startApp -->
        <test-method signature="profileUpdateTest()[pri:0, instance:practicePackage.ProfileUpdateTest@37ceb1df]" started-at="2025-08-29T14:12:30 IST" name="profileUpdateTest" finished-at="2025-08-29T14:13:02 IST" duration-ms="31193" status="PASS">
          <reporter-output>
          </reporter-output>
        </test-method> <!-- profileUpdateTest -->
        <test-method is-config="true" signature="closeApp()[pri:0, instance:practicePackage.ProfileUpdateTest@37ceb1df]" started-at="2025-08-29T14:13:02 IST" name="closeApp" finished-at="2025-08-29T14:13:02 IST" duration-ms="1" status="PASS">
          <reporter-output>
          </reporter-output>
        </test-method> <!-- closeApp -->
      </class> <!-- practicePackage.ProfileUpdateTest -->
    </test> <!-- Default test -->
  </suite> <!-- Default suite -->
</testng-results>
