<?xml version="1.0" encoding="UTF-8"?>
<!-- Generated by org.testng.reporters.JUnitReportReporter -->
<testsuite hostname="FLD-5CD146N29R" failures="0" tests="1" name="practicePackage.ProfileUpdatePrefrence_AssertionTest" time="25.831" errors="0" timestamp="2026-04-14T15:43:00 IST" skipped="1">
  <testcase classname="practicePackage.ProfileUpdatePrefrence_AssertionTest" name="verifyCohortAndInhalerUpdate" time="25.831">
    <skipped/>
  </testcase> <!-- verifyCohortAndInhalerUpdate -->
</testsuite> <!-- practicePackage.ProfileUpdatePrefrence_AssertionTest -->
