<?xml version="1.0" encoding="UTF-8"?>
<!-- Generated by org.testng.reporters.JUnitReportReporter -->
<testsuite hostname="FLD-5CD146N29R" failures="0" tests="5" name="practicePackage.ProfileUpdatePrefrenceTest" time="34.857" errors="0" timestamp="2026-04-14T12:23:53 IST" skipped="0">
  <testcase classname="practicePackage.ProfileUpdatePrefrenceTest" name="SymptomsChange" time="0.008"/>
  <testcase classname="practicePackage.ProfileUpdatePrefrenceTest" name="bmiTab" time="0.001"/>
  <testcase classname="practicePackage.ProfileUpdatePrefrenceTest" name="clickOnProfileTab" time="12.441"/>
  <testcase classname="practicePackage.ProfileUpdatePrefrenceTest" name="cohortChangeTest" time="9.776"/>
  <testcase classname="practicePackage.ProfileUpdatePrefrenceTest" name="profileEditIconTest" time="12.631"/>
</testsuite> <!-- practicePackage.ProfileUpdatePrefrenceTest -->
