<?xml version="1.0" encoding="UTF-8"?>
<!-- Generated by org.testng.reporters.JUnitReportReporter -->
<testsuite hostname="FLD-5CD146N29R" failures="0" tests="2" name="practicePackage.ChangeInhalerDosagesTest" time="52.678" errors="0" timestamp="2026-05-18T12:05:01 IST" skipped="0">
  <testcase classname="practicePackage.ChangeInhalerDosagesTest" name="clickOnHomeeTab" time="17.390"/>
  <testcase classname="practicePackage.ChangeInhalerDosagesTest" name="inhalerHubTest" time="35.288"/>
</testsuite> <!-- practicePackage.ChangeInhalerDosagesTest -->
